<?xml version="1.0" encoding="UTF-8"?>
<coverage generated="1711912527211" clover="3.2.0">
  <project timestamp="1711912527211" name="All files">
    <metrics statements="26" coveredstatements="26" conditionals="12" coveredconditionals="12" methods="3" coveredmethods="3" elements="41" coveredelements="41" complexity="0" loc="26" ncloc="26" packages="1" files="2" classes="2"/>
    <file name="diff.js" path="C:\Users\79016\Desktop\Hexlet\Hexlet-PROJECTS\frontend-project-46\src\diff.js">
      <metrics statements="16" coveredstatements="16" conditionals="8" coveredconditionals="8" methods="2" coveredmethods="2"/>
      <line num="4" count="1" type="stmt"/>
      <line num="5" count="2" type="stmt"/>
      <line num="7" count="2" type="stmt"/>
      <line num="8" count="2" type="stmt"/>
      <line num="10" count="2" type="stmt"/>
      <line num="11" count="2" type="stmt"/>
      <line num="13" count="2" type="stmt"/>
      <line num="14" count="10" type="cond" truecount="4" falsecount="0"/>
      <line num="15" count="4" type="cond" truecount="2" falsecount="0"/>
      <line num="17" count="2" type="stmt"/>
      <line num="20" count="2" type="stmt"/>
      <line num="21" count="2" type="stmt"/>
      <line num="23" count="6" type="cond" truecount="2" falsecount="0"/>
      <line num="25" count="2" type="stmt"/>
      <line num="28" count="4" type="stmt"/>
      <line num="32" count="2" type="stmt"/>
    </file>
    <file name="parse.js" path="C:\Users\79016\Desktop\Hexlet\Hexlet-PROJECTS\frontend-project-46\src\parse.js">
      <metrics statements="10" coveredstatements="10" conditionals="4" coveredconditionals="4" methods="1" coveredmethods="1"/>
      <line num="5" count="1" type="stmt"/>
      <line num="6" count="5" type="stmt"/>
      <line num="7" count="5" type="stmt"/>
      <line num="10" count="5" type="cond" truecount="4" falsecount="0"/>
      <line num="12" count="2" type="stmt"/>
      <line num="13" count="2" type="stmt"/>
      <line num="16" count="2" type="stmt"/>
      <line num="17" count="2" type="stmt"/>
      <line num="19" count="1" type="stmt"/>
      <line num="21" count="4" type="stmt"/>
    </file>
  </project>
</coverage>
