<?xml version="1.0" encoding="UTF-8"?>
<coverage generated="1711896555428" clover="3.2.0">
  <project timestamp="1711896555428" name="All files">
    <metrics statements="21" coveredstatements="21" conditionals="8" coveredconditionals="8" methods="3" coveredmethods="3" elements="32" coveredelements="32" complexity="0" loc="21" ncloc="21" packages="1" files="2" classes="2"/>
    <file name="diff.js" path="C:\Users\79016\Desktop\Hexlet\Hexlet-PROJECTS\frontend-project-46\src\diff.js">
      <metrics statements="18" coveredstatements="18" conditionals="8" coveredconditionals="8" methods="2" coveredmethods="2"/>
      <line num="5" count="1" type="stmt"/>
      <line num="6" count="1" type="stmt"/>
      <line num="8" count="1" type="stmt"/>
      <line num="9" count="1" type="stmt"/>
      <line num="11" count="1" type="stmt"/>
      <line num="12" count="1" type="stmt"/>
      <line num="14" count="1" type="stmt"/>
      <line num="15" count="1" type="stmt"/>
      <line num="17" count="1" type="stmt"/>
      <line num="18" count="5" type="cond" truecount="4" falsecount="0"/>
      <line num="19" count="2" type="cond" truecount="2" falsecount="0"/>
      <line num="21" count="1" type="stmt"/>
      <line num="24" count="1" type="stmt"/>
      <line num="25" count="1" type="stmt"/>
      <line num="27" count="3" type="cond" truecount="2" falsecount="0"/>
      <line num="29" count="1" type="stmt"/>
      <line num="32" count="2" type="stmt"/>
      <line num="36" count="1" type="stmt"/>
    </file>
    <file name="parse.js" path="C:\Users\79016\Desktop\Hexlet\Hexlet-PROJECTS\frontend-project-46\src\parse.js">
      <metrics statements="3" coveredstatements="3" conditionals="0" coveredconditionals="0" methods="1" coveredmethods="1"/>
      <line num="1" count="1" type="stmt"/>
      <line num="2" count="2" type="stmt"/>
      <line num="3" count="2" type="stmt"/>
    </file>
  </project>
</coverage>
