{"C:\\Users\\79016\\Desktop\\Hexlet\\Hexlet-PROJECTS\\frontend-project-46\\src\\diff.js": {"path":"C:\\Users\\79016\\Desktop\\Hexlet\\Hexlet-PROJECTS\\frontend-project-46\\src\\diff.js","statementMap":{"0":{"start":{"line":4,"column":16},"end":{"line":33,"column":1}},"1":{"start":{"line":5,"column":15},"end":{"line":5,"column":17}},"2":{"start":{"line":7,"column":26},"end":{"line":7,"column":49}},"3":{"start":{"line":8,"column":27},"end":{"line":8,"column":50}},"4":{"start":{"line":10,"column":15},"end":{"line":10,"column":83}},"5":{"start":{"line":11,"column":21},"end":{"line":11,"column":35}},"6":{"start":{"line":13,"column":2},"end":{"line":30,"column":5}},"7":{"start":{"line":14,"column":4},"end":{"line":29,"column":5}},"8":{"start":{"line":15,"column":6},"end":{"line":22,"column":7}},"9":{"start":{"line":17,"column":8},"end":{"line":17,"column":54}},"10":{"start":{"line":20,"column":8},"end":{"line":20,"column":56}},"11":{"start":{"line":21,"column":8},"end":{"line":21,"column":57}},"12":{"start":{"line":23,"column":11},"end":{"line":29,"column":5}},"13":{"start":{"line":25,"column":6},"end":{"line":25,"column":55}},"14":{"start":{"line":28,"column":6},"end":{"line":28,"column":54}},"15":{"start":{"line":32,"column":2},"end":{"line":32,"column":16}}},"fnMap":{"0":{"name":"(anonymous_0)","decl":{"start":{"line":4,"column":16},"end":{"line":4,"column":17}},"loc":{"start":{"line":4,"column":42},"end":{"line":33,"column":1}},"line":4},"1":{"name":"(anonymous_1)","decl":{"start":{"line":13,"column":21},"end":{"line":13,"column":22}},"loc":{"start":{"line":13,"column":30},"end":{"line":30,"column":3}},"line":13}},"branchMap":{"0":{"loc":{"start":{"line":14,"column":4},"end":{"line":29,"column":5}},"type":"if","locations":[{"start":{"line":14,"column":4},"end":{"line":29,"column":5}},{"start":{"line":23,"column":11},"end":{"line":29,"column":5}}],"line":14},"1":{"loc":{"start":{"line":14,"column":8},"end":{"line":14,"column":67}},"type":"binary-expr","locations":[{"start":{"line":14,"column":8},"end":{"line":14,"column":35}},{"start":{"line":14,"column":39},"end":{"line":14,"column":67}}],"line":14},"2":{"loc":{"start":{"line":15,"column":6},"end":{"line":22,"column":7}},"type":"if","locations":[{"start":{"line":15,"column":6},"end":{"line":22,"column":7}},{"start":{"line":18,"column":13},"end":{"line":22,"column":7}}],"line":15},"3":{"loc":{"start":{"line":23,"column":11},"end":{"line":29,"column":5}},"type":"if","locations":[{"start":{"line":23,"column":11},"end":{"line":29,"column":5}},{"start":{"line":26,"column":11},"end":{"line":29,"column":5}}],"line":23}},"s":{"0":1,"1":2,"2":2,"3":2,"4":2,"5":2,"6":2,"7":10,"8":4,"9":2,"10":2,"11":2,"12":6,"13":2,"14":4,"15":2},"f":{"0":2,"1":10},"b":{"0":[4,6],"1":[10,8],"2":[2,2],"3":[2,4]},"_coverageSchema":"1a1c01bbd47fc00a2c39e90264f33305004495a9","hash":"3536886bb07ba5f3286b5db2c42945453bca0669"}
,"C:\\Users\\79016\\Desktop\\Hexlet\\Hexlet-PROJECTS\\frontend-project-46\\src\\parse.js": {"path":"C:\\Users\\79016\\Desktop\\Hexlet\\Hexlet-PROJECTS\\frontend-project-46\\src\\parse.js","statementMap":{"0":{"start":{"line":5,"column":21},"end":{"line":22,"column":1}},"1":{"start":{"line":6,"column":22},"end":{"line":6,"column":56}},"2":{"start":{"line":7,"column":20},"end":{"line":7,"column":42}},"3":{"start":{"line":10,"column":2},"end":{"line":20,"column":3}},"4":{"start":{"line":12,"column":6},"end":{"line":12,"column":43}},"5":{"start":{"line":13,"column":6},"end":{"line":13,"column":12}},"6":{"start":{"line":16,"column":6},"end":{"line":16,"column":42}},"7":{"start":{"line":17,"column":6},"end":{"line":17,"column":12}},"8":{"start":{"line":19,"column":6},"end":{"line":19,"column":66}},"9":{"start":{"line":21,"column":2},"end":{"line":21,"column":20}}},"fnMap":{"0":{"name":"(anonymous_0)","decl":{"start":{"line":5,"column":21},"end":{"line":5,"column":22}},"loc":{"start":{"line":5,"column":35},"end":{"line":22,"column":1}},"line":5}},"branchMap":{"0":{"loc":{"start":{"line":10,"column":2},"end":{"line":20,"column":3}},"type":"switch","locations":[{"start":{"line":11,"column":4},"end":{"line":13,"column":12}},{"start":{"line":14,"column":4},"end":{"line":14,"column":17}},{"start":{"line":15,"column":4},"end":{"line":17,"column":12}},{"start":{"line":18,"column":4},"end":{"line":19,"column":66}}],"line":10}},"s":{"0":1,"1":5,"2":5,"3":5,"4":2,"5":2,"6":2,"7":2,"8":1,"9":4},"f":{"0":5},"b":{"0":[2,2,2,1]},"_coverageSchema":"1a1c01bbd47fc00a2c39e90264f33305004495a9","hash":"a1752acef8e6f25fbdf53a4db455b9feadf26b23"}
}
