{"C:\\Users\\79016\\Desktop\\Hexlet\\Hexlet-PROJECTS\\frontend-project-46\\src\\diff.js": {"path":"C:\\Users\\79016\\Desktop\\Hexlet\\Hexlet-PROJECTS\\frontend-project-46\\src\\diff.js","statementMap":{"0":{"start":{"line":6,"column":24},"end":{"line":35,"column":1}},"1":{"start":{"line":7,"column":15},"end":{"line":7,"column":62}},"2":{"start":{"line":8,"column":21},"end":{"line":8,"column":35}},"3":{"start":{"line":9,"column":22},"end":{"line":32,"column":4}},"4":{"start":{"line":10,"column":19},"end":{"line":10,"column":29}},"5":{"start":{"line":11,"column":19},"end":{"line":11,"column":29}},"6":{"start":{"line":13,"column":4},"end":{"line":15,"column":5}},"7":{"start":{"line":14,"column":6},"end":{"line":14,"column":55}},"8":{"start":{"line":17,"column":4},"end":{"line":19,"column":5}},"9":{"start":{"line":18,"column":6},"end":{"line":18,"column":80}},"10":{"start":{"line":21,"column":4},"end":{"line":23,"column":5}},"11":{"start":{"line":22,"column":6},"end":{"line":22,"column":53}},"12":{"start":{"line":25,"column":4},"end":{"line":27,"column":5}},"13":{"start":{"line":26,"column":6},"end":{"line":26,"column":51}},"14":{"start":{"line":29,"column":4},"end":{"line":31,"column":6}},"15":{"start":{"line":34,"column":2},"end":{"line":34,"column":21}},"16":{"start":{"line":37,"column":16},"end":{"line":46,"column":1}},"17":{"start":{"line":38,"column":29},"end":{"line":38,"column":54}},"18":{"start":{"line":39,"column":30},"end":{"line":39,"column":55}},"19":{"start":{"line":41,"column":26},"end":{"line":41,"column":58}},"20":{"start":{"line":42,"column":27},"end":{"line":42,"column":60}},"21":{"start":{"line":44,"column":15},"end":{"line":44,"column":65}},"22":{"start":{"line":45,"column":2},"end":{"line":45,"column":26}}},"fnMap":{"0":{"name":"(anonymous_0)","decl":{"start":{"line":6,"column":24},"end":{"line":6,"column":25}},"loc":{"start":{"line":6,"column":42},"end":{"line":35,"column":1}},"line":6},"1":{"name":"(anonymous_1)","decl":{"start":{"line":9,"column":37},"end":{"line":9,"column":38}},"loc":{"start":{"line":9,"column":46},"end":{"line":32,"column":3}},"line":9},"2":{"name":"(anonymous_2)","decl":{"start":{"line":37,"column":16},"end":{"line":37,"column":17}},"loc":{"start":{"line":37,"column":42},"end":{"line":46,"column":1}},"line":37}},"branchMap":{"0":{"loc":{"start":{"line":13,"column":4},"end":{"line":15,"column":5}},"type":"if","locations":[{"start":{"line":13,"column":4},"end":{"line":15,"column":5}},{"start":{},"end":{}}],"line":13},"1":{"loc":{"start":{"line":17,"column":4},"end":{"line":19,"column":5}},"type":"if","locations":[{"start":{"line":17,"column":4},"end":{"line":19,"column":5}},{"start":{},"end":{}}],"line":17},"2":{"loc":{"start":{"line":17,"column":8},"end":{"line":17,"column":48}},"type":"binary-expr","locations":[{"start":{"line":17,"column":8},"end":{"line":17,"column":26}},{"start":{"line":17,"column":30},"end":{"line":17,"column":48}}],"line":17},"3":{"loc":{"start":{"line":21,"column":4},"end":{"line":23,"column":5}},"type":"if","locations":[{"start":{"line":21,"column":4},"end":{"line":23,"column":5}},{"start":{},"end":{}}],"line":21},"4":{"loc":{"start":{"line":21,"column":8},"end":{"line":21,"column":47}},"type":"binary-expr","locations":[{"start":{"line":21,"column":8},"end":{"line":21,"column":25}},{"start":{"line":21,"column":29},"end":{"line":21,"column":47}}],"line":21},"5":{"loc":{"start":{"line":25,"column":4},"end":{"line":27,"column":5}},"type":"if","locations":[{"start":{"line":25,"column":4},"end":{"line":27,"column":5}},{"start":{},"end":{}}],"line":25},"6":{"loc":{"start":{"line":25,"column":8},"end":{"line":25,"column":47}},"type":"binary-expr","locations":[{"start":{"line":25,"column":8},"end":{"line":25,"column":26}},{"start":{"line":25,"column":30},"end":{"line":25,"column":47}}],"line":25}},"s":{"0":1,"1":10,"2":10,"3":10,"4":36,"5":36,"6":36,"7":6,"8":30,"9":8,"10":22,"11":4,"12":18,"13":10,"14":8,"15":10,"16":1,"17":2,"18":2,"19":2,"20":2,"21":2,"22":2},"f":{"0":10,"1":36,"2":2},"b":{"0":[6,30],"1":[8,22],"2":[30,12],"3":[4,18],"4":[22,12],"5":[10,8],"6":[18,10]},"_coverageSchema":"1a1c01bbd47fc00a2c39e90264f33305004495a9","hash":"2870c08e24233b65c7bd81133d0705979297db14"}
,"C:\\Users\\79016\\Desktop\\Hexlet\\Hexlet-PROJECTS\\frontend-project-46\\src\\parse.js": {"path":"C:\\Users\\79016\\Desktop\\Hexlet\\Hexlet-PROJECTS\\frontend-project-46\\src\\parse.js","statementMap":{"0":{"start":{"line":5,"column":21},"end":{"line":22,"column":1}},"1":{"start":{"line":6,"column":22},"end":{"line":6,"column":56}},"2":{"start":{"line":7,"column":20},"end":{"line":7,"column":42}},"3":{"start":{"line":10,"column":2},"end":{"line":20,"column":3}},"4":{"start":{"line":12,"column":6},"end":{"line":12,"column":43}},"5":{"start":{"line":13,"column":6},"end":{"line":13,"column":12}},"6":{"start":{"line":16,"column":6},"end":{"line":16,"column":42}},"7":{"start":{"line":17,"column":6},"end":{"line":17,"column":12}},"8":{"start":{"line":19,"column":6},"end":{"line":19,"column":66}},"9":{"start":{"line":21,"column":2},"end":{"line":21,"column":20}}},"fnMap":{"0":{"name":"(anonymous_0)","decl":{"start":{"line":5,"column":21},"end":{"line":5,"column":22}},"loc":{"start":{"line":5,"column":35},"end":{"line":22,"column":1}},"line":5}},"branchMap":{"0":{"loc":{"start":{"line":10,"column":2},"end":{"line":20,"column":3}},"type":"switch","locations":[{"start":{"line":11,"column":4},"end":{"line":13,"column":12}},{"start":{"line":14,"column":4},"end":{"line":14,"column":17}},{"start":{"line":15,"column":4},"end":{"line":17,"column":12}},{"start":{"line":18,"column":4},"end":{"line":19,"column":66}}],"line":10}},"s":{"0":1,"1":5,"2":5,"3":5,"4":2,"5":2,"6":2,"7":2,"8":1,"9":4},"f":{"0":5},"b":{"0":[2,2,2,1]},"_coverageSchema":"1a1c01bbd47fc00a2c39e90264f33305004495a9","hash":"a1752acef8e6f25fbdf53a4db455b9feadf26b23"}
,"C:\\Users\\79016\\Desktop\\Hexlet\\Hexlet-PROJECTS\\frontend-project-46\\src\\path.js": {"path":"C:\\Users\\79016\\Desktop\\Hexlet\\Hexlet-PROJECTS\\frontend-project-46\\src\\path.js","statementMap":{"0":{"start":{"line":3,"column":23},"end":{"line":11,"column":1}},"1":{"start":{"line":5,"column":2},"end":{"line":9,"column":3}},"2":{"start":{"line":6,"column":4},"end":{"line":6,"column":30}},"3":{"start":{"line":8,"column":4},"end":{"line":8,"column":44}},"4":{"start":{"line":10,"column":2},"end":{"line":10,"column":22}}},"fnMap":{"0":{"name":"(anonymous_0)","decl":{"start":{"line":3,"column":23},"end":{"line":3,"column":24}},"loc":{"start":{"line":3,"column":39},"end":{"line":11,"column":1}},"line":3}},"branchMap":{"0":{"loc":{"start":{"line":5,"column":2},"end":{"line":9,"column":3}},"type":"if","locations":[{"start":{"line":5,"column":2},"end":{"line":9,"column":3}},{"start":{"line":7,"column":9},"end":{"line":9,"column":3}}],"line":5}},"s":{"0":1,"1":4,"2":4,"3":0,"4":4},"f":{"0":4},"b":{"0":[4,0]},"_coverageSchema":"1a1c01bbd47fc00a2c39e90264f33305004495a9","hash":"2e36e71b6eab3f71d1bfe5a97f705ddb2d030007"}
,"C:\\Users\\79016\\Desktop\\Hexlet\\Hexlet-PROJECTS\\frontend-project-46\\src\\formatters\\stylish.js": {"path":"C:\\Users\\79016\\Desktop\\Hexlet\\Hexlet-PROJECTS\\frontend-project-46\\src\\formatters\\stylish.js","statementMap":{"0":{"start":{"line":3,"column":19},"end":{"line":3,"column":20}},"1":{"start":{"line":5,"column":15},"end":{"line":5,"column":58}},"2":{"start":{"line":5,"column":26},"end":{"line":5,"column":58}},"3":{"start":{"line":7,"column":18},"end":{"line":14,"column":1}},"4":{"start":{"line":8,"column":2},"end":{"line":10,"column":3}},"5":{"start":{"line":9,"column":4},"end":{"line":9,"column":17}},"6":{"start":{"line":11,"column":16},"end":{"line":12,"column":84}},"7":{"start":{"line":12,"column":25},"end":{"line":12,"column":83}},"8":{"start":{"line":13,"column":2},"end":{"line":13,"column":53}},"9":{"start":{"line":16,"column":19},"end":{"line":47,"column":1}},"10":{"start":{"line":19,"column":6},"end":{"line":19,"column":10}},"11":{"start":{"line":21,"column":2},"end":{"line":23,"column":3}},"12":{"start":{"line":22,"column":4},"end":{"line":22,"column":63}},"13":{"start":{"line":25,"column":26},"end":{"line":25,"column":28}},"14":{"start":{"line":26,"column":2},"end":{"line":28,"column":3}},"15":{"start":{"line":27,"column":4},"end":{"line":27,"column":89}},"16":{"start":{"line":27,"column":48},"end":{"line":27,"column":76}},"17":{"start":{"line":30,"column":2},"end":{"line":46,"column":3}},"18":{"start":{"line":32,"column":6},"end":{"line":32,"column":82}},"19":{"start":{"line":34,"column":6},"end":{"line":34,"column":66}},"20":{"start":{"line":36,"column":6},"end":{"line":39,"column":19}},"21":{"start":{"line":41,"column":6},"end":{"line":41,"column":77}},"22":{"start":{"line":43,"column":6},"end":{"line":43,"column":77}},"23":{"start":{"line":45,"column":6},"end":{"line":45,"column":55}},"24":{"start":{"line":49,"column":19},"end":{"line":56,"column":1}},"25":{"start":{"line":50,"column":15},"end":{"line":53,"column":3}},"26":{"start":{"line":51,"column":18},"end":{"line":51,"column":62}},"27":{"start":{"line":51,"column":38},"end":{"line":51,"column":61}},"28":{"start":{"line":52,"column":4},"end":{"line":52,"column":39}},"29":{"start":{"line":55,"column":2},"end":{"line":55,"column":23}}},"fnMap":{"0":{"name":"(anonymous_0)","decl":{"start":{"line":5,"column":15},"end":{"line":5,"column":16}},"loc":{"start":{"line":5,"column":26},"end":{"line":5,"column":58}},"line":5},"1":{"name":"(anonymous_1)","decl":{"start":{"line":7,"column":18},"end":{"line":7,"column":19}},"loc":{"start":{"line":7,"column":36},"end":{"line":14,"column":1}},"line":7},"2":{"name":"(anonymous_2)","decl":{"start":{"line":12,"column":9},"end":{"line":12,"column":10}},"loc":{"start":{"line":12,"column":25},"end":{"line":12,"column":83}},"line":12},"3":{"name":"(anonymous_3)","decl":{"start":{"line":16,"column":19},"end":{"line":16,"column":20}},"loc":{"start":{"line":16,"column":36},"end":{"line":47,"column":1}},"line":16},"4":{"name":"(anonymous_4)","decl":{"start":{"line":27,"column":37},"end":{"line":27,"column":38}},"loc":{"start":{"line":27,"column":48},"end":{"line":27,"column":76}},"line":27},"5":{"name":"(anonymous_5)","decl":{"start":{"line":49,"column":19},"end":{"line":49,"column":20}},"loc":{"start":{"line":49,"column":29},"end":{"line":56,"column":1}},"line":49},"6":{"name":"(anonymous_6)","decl":{"start":{"line":50,"column":15},"end":{"line":50,"column":16}},"loc":{"start":{"line":50,"column":33},"end":{"line":53,"column":3}},"line":50},"7":{"name":"(anonymous_7)","decl":{"start":{"line":51,"column":28},"end":{"line":51,"column":29}},"loc":{"start":{"line":51,"column":38},"end":{"line":51,"column":61}},"line":51}},"branchMap":{"0":{"loc":{"start":{"line":8,"column":2},"end":{"line":10,"column":3}},"type":"if","locations":[{"start":{"line":8,"column":2},"end":{"line":10,"column":3}},{"start":{},"end":{}}],"line":8},"1":{"loc":{"start":{"line":21,"column":2},"end":{"line":23,"column":3}},"type":"if","locations":[{"start":{"line":21,"column":2},"end":{"line":23,"column":3}},{"start":{},"end":{}}],"line":21},"2":{"loc":{"start":{"line":26,"column":2},"end":{"line":28,"column":3}},"type":"if","locations":[{"start":{"line":26,"column":2},"end":{"line":28,"column":3}},{"start":{},"end":{}}],"line":26},"3":{"loc":{"start":{"line":30,"column":2},"end":{"line":46,"column":3}},"type":"switch","locations":[{"start":{"line":31,"column":4},"end":{"line":32,"column":82}},{"start":{"line":33,"column":4},"end":{"line":34,"column":66}},{"start":{"line":35,"column":4},"end":{"line":39,"column":19}},{"start":{"line":40,"column":4},"end":{"line":41,"column":77}},{"start":{"line":42,"column":4},"end":{"line":43,"column":77}},{"start":{"line":44,"column":4},"end":{"line":45,"column":55}}],"line":30}},"s":{"0":1,"1":1,"2":84,"3":1,"4":54,"5":40,"6":14,"7":18,"8":14,"9":1,"10":36,"11":36,"12":0,"13":36,"14":36,"15":8,"16":28,"17":36,"18":8,"19":6,"20":8,"21":4,"22":10,"23":0,"24":1,"25":2,"26":2,"27":8,"28":2,"29":2},"f":{"0":84,"1":54,"2":18,"3":36,"4":28,"5":2,"6":2,"7":8},"b":{"0":[40,14],"1":[0,36],"2":[8,28],"3":[8,6,8,4,10,0]},"_coverageSchema":"1a1c01bbd47fc00a2c39e90264f33305004495a9","hash":"55755b325a5e5719e252267923f54a0fc84063e4"}
}
