TN:
SF:src\diff.js
FN:4,(anonymous_0)
FN:13,(anonymous_1)
FNF:2
FNH:2
FNDA:2,(anonymous_0)
FNDA:10,(anonymous_1)
DA:4,1
DA:5,2
DA:7,2
DA:8,2
DA:10,2
DA:11,2
DA:13,2
DA:14,10
DA:15,4
DA:17,2
DA:20,2
DA:21,2
DA:23,6
DA:25,2
DA:28,4
DA:32,2
LF:16
LH:16
BRDA:14,0,0,4
BRDA:14,0,1,6
BRDA:14,1,0,10
BRDA:14,1,1,8
BRDA:15,2,0,2
BRDA:15,2,1,2
BRDA:23,3,0,2
BRDA:23,3,1,4
BRF:8
BRH:8
end_of_record
TN:
SF:src\parse.js
FN:5,(anonymous_0)
FNF:1
FNH:1
FNDA:5,(anonymous_0)
DA:5,1
DA:6,5
DA:7,5
DA:10,5
DA:12,2
DA:13,2
DA:16,2
DA:17,2
DA:19,1
DA:21,4
LF:10
LH:10
BRDA:10,0,0,2
BRDA:10,0,1,2
BRDA:10,0,2,2
BRDA:10,0,3,1
BRF:4
BRH:4
end_of_record
