TN:
SF:src\diff.js
FN:6,(anonymous_0)
FN:9,(anonymous_1)
FN:37,(anonymous_2)
FNF:3
FNH:3
FNDA:10,(anonymous_0)
FNDA:36,(anonymous_1)
FNDA:2,(anonymous_2)
DA:6,1
DA:7,10
DA:8,10
DA:9,10
DA:10,36
DA:11,36
DA:13,36
DA:14,6
DA:17,30
DA:18,8
DA:21,22
DA:22,4
DA:25,18
DA:26,10
DA:29,8
DA:34,10
DA:37,1
DA:38,2
DA:39,2
DA:41,2
DA:42,2
DA:44,2
DA:45,2
LF:23
LH:23
BRDA:13,0,0,6
BRDA:13,0,1,30
BRDA:17,1,0,8
BRDA:17,1,1,22
BRDA:17,2,0,30
BRDA:17,2,1,12
BRDA:21,3,0,4
BRDA:21,3,1,18
BRDA:21,4,0,22
BRDA:21,4,1,12
BRDA:25,5,0,10
BRDA:25,5,1,8
BRDA:25,6,0,18
BRDA:25,6,1,10
BRF:14
BRH:14
end_of_record
TN:
SF:src\parse.js
FN:5,(anonymous_0)
FNF:1
FNH:1
FNDA:5,(anonymous_0)
DA:5,1
DA:6,5
DA:7,5
DA:10,5
DA:12,2
DA:13,2
DA:16,2
DA:17,2
DA:19,1
DA:21,4
LF:10
LH:10
BRDA:10,0,0,2
BRDA:10,0,1,2
BRDA:10,0,2,2
BRDA:10,0,3,1
BRF:4
BRH:4
end_of_record
TN:
SF:src\path.js
FN:3,(anonymous_0)
FNF:1
FNH:1
FNDA:4,(anonymous_0)
DA:3,1
DA:5,4
DA:6,4
DA:8,0
DA:10,4
LF:5
LH:4
BRDA:5,0,0,4
BRDA:5,0,1,0
BRF:2
BRH:1
end_of_record
TN:
SF:src\formatters\stylish.js
FN:5,(anonymous_0)
FN:7,(anonymous_1)
FN:12,(anonymous_2)
FN:16,(anonymous_3)
FN:27,(anonymous_4)
FN:49,(anonymous_5)
FN:50,(anonymous_6)
FN:51,(anonymous_7)
FNF:8
FNH:8
FNDA:84,(anonymous_0)
FNDA:54,(anonymous_1)
FNDA:18,(anonymous_2)
FNDA:36,(anonymous_3)
FNDA:28,(anonymous_4)
FNDA:2,(anonymous_5)
FNDA:2,(anonymous_6)
FNDA:8,(anonymous_7)
DA:3,1
DA:5,84
DA:7,1
DA:8,54
DA:9,40
DA:11,14
DA:12,18
DA:13,14
DA:16,1
DA:19,36
DA:21,36
DA:22,0
DA:25,36
DA:26,36
DA:27,28
DA:30,36
DA:32,8
DA:34,6
DA:36,8
DA:41,4
DA:43,10
DA:45,0
DA:49,1
DA:50,2
DA:51,8
DA:52,2
DA:55,2
LF:27
LH:25
BRDA:8,0,0,40
BRDA:8,0,1,14
BRDA:21,1,0,0
BRDA:21,1,1,36
BRDA:26,2,0,8
BRDA:26,2,1,28
BRDA:30,3,0,8
BRDA:30,3,1,6
BRDA:30,3,2,8
BRDA:30,3,3,4
BRDA:30,3,4,10
BRDA:30,3,5,0
BRF:12
BRH:10
end_of_record
